{
  "RSpec": {
    "coverage": {
      "/Users/tommiller/makers/bank_tech/spec/statement_spec.rb": [
        1,
        null,
        1,
        1,
        1,
        null,
        null,
        1,
        1,
        null,
        null,
        1,
        1,
        1,
        1,
        null,
        null
      ],
      "/Users/tommiller/makers/bank_tech/lib/Statement.rb": [
        1,
        1,
        null,
        1,
        3,
        null,
        null,
        1,
        2,
        null,
        null,
        1,
        1,
        null,
        null
      ]
    },
    "timestamp": 1541416920
  }
}
