{
  "RSpec": {
    "coverage": {
      "/Users/tommiller/makers/bank_tech/spec/account_management_spec.rb": [
        1,
        null,
        1,
        1,
        1,
        null,
        null,
        1,
        1,
        1,
        1,
        null,
        null,
        1,
        2,
        null,
        null,
        1,
        2,
        null,
        null,
        1,
        2,
        null,
        null,
        1,
        1,
        null,
        null,
        1,
        2,
        null,
        null
      ],
      "/Users/tommiller/makers/bank_tech/lib/account_management.rb": [
        null,
        1,
        1,
        null,
        1,
        13,
        13,
        null,
        null,
        1,
        8,
        7,
        7,
        null,
        null,
        1,
        6,
        null,
        5,
        null,
        4,
        4,
        null,
        null,
        1,
        null,
        16,
        null,
        13,
        13,
        null,
        null
      ],
      "/Users/tommiller/makers/bank_tech/spec/feature/f_statement_spec.rb": [
        1,
        null,
        1,
        1,
        null,
        null,
        1,
        1,
        1,
        1,
        null,
        null,
        1,
        1,
        1,
        2,
        null,
        null,
        null,
        null,
        null
      ],
      "/Users/tommiller/makers/bank_tech/lib/statement.rb": [
        1,
        1,
        1,
        null,
        null,
        1,
        1,
        null,
        1,
        null,
        9,
        9,
        9,
        null,
        null,
        1,
        7,
        null,
        null,
        null,
        null,
        null,
        null,
        1,
        4,
        null,
        null,
        null,
        null,
        null,
        null,
        1,
        2,
        null,
        null
      ],
      "/Users/tommiller/makers/bank_tech/lib/the_date.rb": [
        1,
        null,
        null,
        1,
        1,
        1,
        1,
        null,
        null
      ],
      "/Users/tommiller/makers/bank_tech/lib/print_statement.rb": [
        null,
        1,
        1,
        3,
        3,
        3,
        3,
        3,
        3,
        3,
        null,
        3,
        null,
        null,
        1,
        null,
        1,
        9,
        3,
        null,
        6,
        null,
        null,
        null
      ],
      "/Users/tommiller/makers/bank_tech/spec/print_statement_spec.rb": [
        1,
        null,
        1,
        1,
        1,
        2,
        null,
        null,
        null,
        1,
        1,
        null,
        null,
        null,
        null,
        null,
        2,
        null,
        null,
        null,
        null
      ],
      "/Users/tommiller/makers/bank_tech/spec/statement_spec.rb": [
        1,
        null,
        1,
        1,
        1,
        null,
        null,
        1,
        1,
        1,
        null,
        null,
        null,
        1,
        1,
        1,
        null,
        null,
        1,
        1,
        1,
        null,
        1,
        1,
        null,
        1,
        null,
        null,
        1,
        1,
        1,
        null,
        1,
        1,
        null,
        1,
        null,
        1,
        null,
        1,
        null,
        null,
        1,
        1,
        1,
        1,
        null,
        null,
        1,
        1,
        1,
        1,
        null,
        1,
        null,
        1,
        null,
        null
      ],
      "/Users/tommiller/makers/bank_tech/spec/the_date_spec.rb": [
        1,
        null,
        1,
        1,
        1,
        null,
        null
      ]
    },
    "timestamp": 1541609906
  }
}
